Category: transportation
Total expenses: 2300
Subcategories expenses:
  - snapp: 1500
  - bus: 400
  - subway: 300
**********
Category: giftshop
Total expenses: 2200
Subcategories expenses:
  - mom: 1400
  - ali: 400
  - dad: 200
----------
Category: transportation
Total expenses: 2300
Subcategories expenses:
  - snapp: 1500
  - bus: 400
  - subway: 300
**********
Category: giftshop
Total expenses: 2200
Subcategories expenses:
  - mom: 1400
  - ali: 400
  - dad: 200
----------
Category: transportation
Total expenses: 1800
Subcategories expenses:
  - snapp: 1000
  - bus: 400
  - subway: 300
**********
Category: clothes
Total expenses: 4200
Subcategories expenses:
  - panth: 2000
  - shirt: 2000
  - shorts: 100
----------
Category: giftshop
Total expenses: 2200
Subcategories expenses:
  - mom: 1400
  - ali: 400
  - dad: 200
----------
Category: transportation
Total expenses: 1800
Subcategories expenses:
  - snapp: 1000
  - bus: 400
  - subway: 300
**********

